https://www.youtube.com/watch?v=l-wbyYEONQE,alive
https://www.youtube.com/watch?v=heS0jcZSRmQ,alive
https://www.youtube.com/watch?v=Id8lWf3ihis,alive
https://www.youtube.com/watch?v=BVTM1j5EGGk,alive
https://www.youtube.com/watch?v=xS9XMKuFvHg,alive
https://www.youtube.com/watch?v=dYP4Y5h5fRA,alive
https://www.youtube.com/watch?v=EtqscF0kDiA,alive
https://www.youtube.com/watch?v=aoVbvbs_3c4,alive
https://www.youtube.com/watch?v=9Sdirncq5I4,alive
https://www.youtube.com/watch?v=tcnnsLQF6cc,alive
https://www.youtube.com/watch?v=6ZHZpBTeeng,alive
https://www.youtube.com/watch?v=yIFto2MjjmY,dead
https://www.youtube.com/watch?v=lLscZ2P6b2c,alive
https://www.youtube.com/watch?v=oGTMTCid6Ts,alive
https://www.youtube.com/watch?v=0sGYEQ3l1QU,alive
https://www.youtube.com/watch?v=FHgfE3gcfvI,alive
https://www.youtube.com/watch?v=UZmIewhwYH8,alive
https://www.youtube.com/watch?v=wYHOldWD310,alive
https://www.youtube.com/watch?v=67suXHZSyQ4,alive
https://www.youtube.com/watch?v=H5cTGFnIyZ0,alive
https://www.youtube.com/watch?v=kyIEEErfUOI,alive
https://www.youtube.com/watch?v=8ogsz3z9sME,alive
https://www.youtube.com/watch?v=B_p2AGZcelg,alive
https://www.youtube.com/watch?v=EDXkffoscqw,alive
https://www.youtube.com/watch?v=yKQMNr-jVBM,alive
https://www.youtube.com/watch?v=vqpyjcUNmAI,alive
https://www.youtube.com/watch?v=qciINlueJn8,alive
https://www.youtube.com/watch?v=HuQSZ7e13io,alive
https://www.youtube.com/watch?v=1oI9a9AqvNs,alive
https://www.youtube.com/watch?v=EODzkQ8A50Q,alive
https://www.youtube.com/watch?v=sa1V34BSM24,alive
https://www.youtube.com/watch?v=CEyZreUIKXs,alive
https://www.youtube.com/watch?v=bvIC9YY3Zms,alive
https://www.youtube.com/watch?v=z8lw7QVvhlQ,alive
https://www.youtube.com/watch?v=i3kG4ATR8n0,alive
https://www.youtube.com/watch?v=Tw_bMzVHbEw,alive
https://www.youtube.com/watch?v=lzUBRqhbibo,alive
https://www.youtube.com/watch?v=zd1VV9zCqLw,alive
https://www.youtube.com/watch?v=mZ4xF4OxiUY,alive
https://www.youtube.com/watch?v=XVGSR6zUfis,alive
https://www.youtube.com/watch?v=eib3N31dVFU,alive
https://www.youtube.com/watch?v=75EQbM4h-HI,alive
https://www.youtube.com/watch?v=sINDB2DNMc0,alive
https://www.youtube.com/watch?v=nl8Cd89Ukac,alive
https://www.youtube.com/watch?v=g_tVAXEpHZs,alive
https://www.youtube.com/watch?v=47m4yFbTlJE,alive
https://www.youtube.com/watch?v=pKpR0GHGyCQ,alive
https://www.youtube.com/watch?v=CU6m_a8Vyv4,alive
https://www.youtube.com/watch?v=Y--Ho2gIs9w,alive
https://www.youtube.com/watch?v=4afmMs3O5Qc,alive
https://www.youtube.com/watch?v=Dwy-ofqgbqc,alive
https://www.youtube.com/watch?v=HNun3eaVwB8,alive
https://www.youtube.com/watch?v=r61bi_gE6Mw,alive
https://www.youtube.com/watch?v=ZGrOEBk4NhE,alive
https://www.youtube.com/watch?v=_us5MQPatZY,alive
https://www.youtube.com/watch?v=iCAri7h0qDg,alive
https://www.youtube.com/watch?v=WrAAMCEBPPI,alive
https://www.youtube.com/watch?v=f0Otx9GEowc,alive
https://www.youtube.com/watch?v=p34WMKft0oI,alive
https://www.youtube.com/watch?v=uMflFaWQAoI,alive
https://www.youtube.com/watch?v=79cdGjbLUzA,alive
https://www.youtube.com/watch?v=QLUg7TxNduo,alive
https://www.youtube.com/watch?v=ArfeoHDozNY,alive
https://www.youtube.com/watch?v=hKq9FM3JXnU,alive
https://www.youtube.com/watch?v=b-q-UnbV-Eg,alive
https://www.youtube.com/watch?v=AIjM_XPTI-o,alive
https://www.youtube.com/watch?v=0sup10-kaag,alive
https://www.youtube.com/watch?v=prkutjeuPoU,alive
https://www.youtube.com/watch?v=mcznRFOv7IY,alive
https://www.youtube.com/watch?v=LiGTdCjI7uk,alive
https://www.youtube.com/watch?v=VcDPyCwa7z0,alive
https://www.youtube.com/watch?v=Z6P8g5pNvmI,alive
https://www.youtube.com/watch?v=ID6YDUgQF8w,alive
https://www.youtube.com/watch?v=pO28BfqfYTY,alive
https://www.youtube.com/watch?v=BTtiX602V5E,alive
https://www.youtube.com/watch?v=rG_F0uBzM5I,alive
https://www.youtube.com/watch?v=alcWCnkeuxg,alive
https://www.youtube.com/watch?v=K-G39gQufMo,alive
https://www.youtube.com/watch?v=caw_bQSQ6wA,alive
https://www.youtube.com/watch?v=sKksJY0x2OY,alive
https://www.youtube.com/watch?v=FrUyYzXvPRU,alive
https://www.youtube.com/watch?v=pNjdK3seKuY,alive
https://www.youtube.com/watch?v=E4vZY_c_56s,alive
https://www.youtube.com/watch?v=MLdD8w9Jpk8,alive
https://www.youtube.com/watch?v=qyA10n6gWsA,alive
https://www.youtube.com/watch?v=xqUK1lF7sxE,alive
https://www.youtube.com/watch?v=QlxSWPr6RXk,alive
https://www.youtube.com/watch?v=Sh24gyVBb2c,alive
https://www.youtube.com/watch?v=okBZ9oypKlo,alive
https://www.youtube.com/watch?v=MDawQRYxa2s,alive
https://www.youtube.com/watch?v=i0SA_Vjoh-s,alive
https://www.youtube.com/watch?v=dLIhFWqiRXg,alive
